\\cs1\home\thildahl20\cs-475w-1\os_simulator\os_simulator\debug\vc141.pdb
\\cs1\home\thildahl20\cs-475w-1\os_simulator\os_simulator\debug\vc141.idb
\\cs1\home\thildahl20\cs-475w-1\os_simulator\os_simulator\debug\pcb.obj
\\cs1\home\thildahl20\cs-475w-1\os_simulator\os_simulator\debug\test.obj
c:\users\thildahl20\documents\github\cs475w_simulation_project\os_simulator\os_simulator\debug\vc141.pdb
c:\users\thildahl20\documents\github\cs475w_simulation_project\os_simulator\os_simulator\debug\vc141.idb
c:\users\thildahl20\documents\github\cs475w_simulation_project\os_simulator\os_simulator\debug\calculate.obj
c:\users\thildahl20\documents\github\cs475w_simulation_project\os_simulator\os_simulator\debug\fcfs.obj
c:\users\thildahl20\documents\github\cs475w_simulation_project\os_simulator\os_simulator\debug\multicore.obj
c:\users\thildahl20\documents\github\cs475w_simulation_project\os_simulator\os_simulator\debug\multilevel_fq.obj
c:\users\thildahl20\documents\github\cs475w_simulation_project\os_simulator\os_simulator\debug\pcb.obj
c:\users\thildahl20\documents\github\cs475w_simulation_project\os_simulator\os_simulator\debug\roundrobin.obj
c:\users\thildahl20\documents\github\cs475w_simulation_project\os_simulator\os_simulator\debug\test.obj
c:\users\thildahl20\documents\github\cs475w_simulation_project\os_simulator\os_simulator\debug\spn.obj
d:\documents\github\cs475w_simulation_project\os_simulator\os_simulator\debug\vc141.pdb
d:\documents\github\cs475w_simulation_project\os_simulator\os_simulator\debug\vc141.idb
d:\documents\github\cs475w_simulation_project\os_simulator\os_simulator\debug\calculate.obj
d:\documents\github\cs475w_simulation_project\os_simulator\os_simulator\debug\fcfs.obj
d:\documents\github\cs475w_simulation_project\os_simulator\os_simulator\debug\multicore.obj
d:\documents\github\cs475w_simulation_project\os_simulator\os_simulator\debug\multilevel_fq.obj
d:\documents\github\cs475w_simulation_project\os_simulator\os_simulator\debug\pcb.obj
d:\documents\github\cs475w_simulation_project\os_simulator\os_simulator\debug\roundrobin.obj
d:\documents\github\cs475w_simulation_project\os_simulator\os_simulator\debug\spn.obj
d:\documents\github\cs475w_simulation_project\os_simulator\os_simulator\debug\test.obj
\\cs1\home\thildahl20\cs-475w-1\os_simulator\debug\os_simulator.ilk
\\cs1\home\thildahl20\cs-475w-1\os_simulator\debug\os_simulator.exe
\\cs1\home\thildahl20\cs-475w-1\os_simulator\debug\os_simulator.pdb
c:\users\thildahl20\documents\github\cs475w_simulation_project\os_simulator\debug\os_simulator.ilk
c:\users\thildahl20\documents\github\cs475w_simulation_project\os_simulator\debug\os_simulator.exe
c:\users\thildahl20\documents\github\cs475w_simulation_project\os_simulator\debug\os_simulator.pdb
d:\documents\github\cs475w_simulation_project\os_simulator\debug\os_simulator.pdb
d:\documents\github\cs475w_simulation_project\os_simulator\os_simulator\debug\os_simulator.tlog\cl.command.1.tlog
d:\documents\github\cs475w_simulation_project\os_simulator\os_simulator\debug\os_simulator.tlog\cl.read.1.tlog
d:\documents\github\cs475w_simulation_project\os_simulator\os_simulator\debug\os_simulator.tlog\cl.write.1.tlog
d:\documents\github\cs475w_simulation_project\os_simulator\os_simulator\debug\os_simulator.tlog\link-cvtres.read.1.tlog
d:\documents\github\cs475w_simulation_project\os_simulator\os_simulator\debug\os_simulator.tlog\link-cvtres.write.1.tlog
d:\documents\github\cs475w_simulation_project\os_simulator\os_simulator\debug\os_simulator.tlog\link-rc.read.1.tlog
d:\documents\github\cs475w_simulation_project\os_simulator\os_simulator\debug\os_simulator.tlog\link-rc.write.1.tlog
d:\documents\github\cs475w_simulation_project\os_simulator\os_simulator\debug\os_simulator.tlog\link.command.1.tlog
d:\documents\github\cs475w_simulation_project\os_simulator\os_simulator\debug\os_simulator.tlog\link.read.1.tlog
d:\documents\github\cs475w_simulation_project\os_simulator\os_simulator\debug\os_simulator.tlog\link.write.1.tlog
